<?xml version="1.0" encoding="UTF-8"?>
<!-- Generated by org.testng.reporters.JUnitXMLReporter -->
<testsuite ignored="0" hostname="DESKTOP-8PQEF7J" failures="0" tests="2" name="Default test" time="0.411" errors="0" timestamp="2021-07-29T08:57:53 BST">
  <testcase classname="pojoDemo.PojoSerializationDeserialization" name="serializeEmployee" time="0.312"/>
  <testcase classname="pojoDemo.PojoSerializationDeserialization" name="deserializeEmployee" time="0.043"/>
</testsuite> <!-- Default test -->
