<?xml version="1.0" encoding="UTF-8"?>
<!-- Generated by org.testng.reporters.JUnitXMLReporter -->
<testsuite ignored="0" hostname="DESKTOP-8PQEF7J" failures="0" tests="2" name="Default test" time="0.397" errors="0" timestamp="2021-07-29T09:06:38 BST">
  <testcase classname="pojoDemo.PojoSerializationDeserialization" name="serializeEmployee" time="0.289"/>
  <testcase classname="pojoDemo.PojoSerializationDeserialization" name="deserializeEmployee" time="0.041"/>
</testsuite> <!-- Default test -->
